{
  "stats": {
    "suites": 1,
    "tests": 1,
    "passes": 0,
    "pending": 0,
    "failures": 1,
    "start": "2022-08-12T20:20:21.035Z",
    "end": "2022-08-12T20:20:21.329Z",
    "duration": 294,
    "testsRegistered": 1,
    "passPercent": 0,
    "pendingPercent": 0,
    "other": 0,
    "hasOther": false,
    "skipped": 0,
    "hasSkipped": false
  },
  "results": [
    {
      "uuid": "0819c809-ce53-452c-8c04-ab496be19e46",
      "title": "",
      "fullFile": "cypress/integration/cucumber-tests/login.feature",
      "file": "cypress/integration/cucumber-tests/login.feature",
      "beforeHooks": [],
      "afterHooks": [],
      "tests": [],
      "suites": [
        {
          "uuid": "e2c4600d-7454-4723-9179-cd1c38140c39",
          "title": "Login to Appication",
          "fullFile": "",
          "file": "",
          "beforeHooks": [],
          "afterHooks": [],
          "tests": [
            {
              "title": "Valid login",
              "fullTitle": "Login to Appication Valid login",
              "timedOut": null,
              "duration": 222,
              "state": "failed",
              "speed": null,
              "pass": false,
              "fail": true,
              "pending": false,
              "context": null,
              "code": "const state = window.testState;\nreturn cy\n  .then(() => state.onStartScenario(scenario, indexedSteps))\n  .then(() =>\n    resolveAndRunBeforeHooks.call(this, scenario.tags, state.feature.name)\n  )\n  .then(() =>\n    indexedSteps.forEach((step) =>\n      stepTest.call(this, state, step, rowData)\n    )\n  )\n  .then(() => state.onFinishScenario(scenario));",
              "err": {
                "message": "ReferenceError: cypress is not defined",
                "estack": "ReferenceError: cypress is not defined\n    at Context.eval (http://localhost:64259/__cypress/tests?p=cypress\\integration\\cucumber-tests\\login.feature:41:3)\n    at Context.resolveAndRunStepDefinition (http://localhost:64259/__cypress/tests?p=cypress\\integration\\cucumber-tests\\login.feature:10457:29)\n    at Context.eval (http://localhost:64259/__cypress/tests?p=cypress\\integration\\cucumber-tests\\login.feature:9778:35)",
                "diff": null
              },
              "uuid": "4785d4c1-4759-4dcf-bac7-343d911b34e2",
              "parentUUID": "e2c4600d-7454-4723-9179-cd1c38140c39",
              "isHook": false,
              "skipped": false
            }
          ],
          "suites": [],
          "passes": [],
          "failures": [
            "4785d4c1-4759-4dcf-bac7-343d911b34e2"
          ],
          "pending": [],
          "skipped": [],
          "duration": 222,
          "root": false,
          "rootEmpty": false,
          "_timeout": 2000
        }
      ],
      "passes": [],
      "failures": [],
      "pending": [],
      "skipped": [],
      "duration": 0,
      "root": true,
      "rootEmpty": true,
      "_timeout": 2000
    }
  ],
  "meta": {
    "mocha": {
      "version": "7.0.1"
    },
    "mochawesome": {
      "options": {
        "quiet": false,
        "reportFilename": "mochawesome",
        "saveHtml": false,
        "saveJson": true,
        "consoleReporter": "spec",
        "useInlineDiffs": false,
        "code": true
      },
      "version": "7.1.3"
    },
    "marge": {
      "options": {
        "overwrite": false,
        "html": false,
        "json": true,
        "reportDir": "cypress\\reports\\html\\.jsons"
      },
      "version": "6.2.0"
    }
  }
}